0 info it worked if it ends with ok
1 verbose cli [ 'C:\\nodejs\\\\node.exe',
1 verbose cli   'C:\\nodejs\\node_modules\\npm\\bin\\npm-cli.js',
1 verbose cli   'run',
1 verbose cli   'lint-stage-3' ]
2 info using npm@1.3.25
3 info using node@v0.11.11
4 verbose node symlink C:\nodejs\\node.exe
5 verbose run-script [ 'prelint-stage-3', 'lint-stage-3', 'postlint-stage-3' ]
6 info prelint-stage-3 mixi-js-training@0.0.0
7 info lint-stage-3 mixi-js-training@0.0.0
8 verbose unsafe-perm in lifecycle true
9 info mixi-js-training@0.0.0 Failed to exec lint-stage-3 script
10 error mixi-js-training@0.0.0 lint-stage-3: `gulp lint-stage-3`
10 error Exit status 1
11 error Failed at the mixi-js-training@0.0.0 lint-stage-3 script.
11 error This is most likely a problem with the mixi-js-training package,
11 error not with npm itself.
11 error Tell the author that this fails on your system:
11 error     gulp lint-stage-3
11 error You can get their info via:
11 error     npm owner ls mixi-js-training
11 error There is likely additional logging output above.
12 error System Windows_NT 6.1.7601
13 error command "C:\\nodejs\\\\node.exe" "C:\\nodejs\\node_modules\\npm\\bin\\npm-cli.js" "run" "lint-stage-3"
14 error cwd C:\Users\tie304658\Documents\GitHub\JavaScriptTraining
15 error node -v v0.11.11
16 error npm -v 1.3.25
17 error code ELIFECYCLE
18 verbose exit [ 1, true ]
